2016-05-29 13:47:06,144 highlight_created=_documents). J, user=neonion-admin@fu-berlin.de, text=documents). J, documentID=a1d95a9125a311e6abe8e0accb828170
2016-05-29 13:47:28,494 comment_created=comment, user=neonion-admin@fu-berlin.de, text=r als, documentID=a1d95a9125a311e6abe8e0accb828170
2016-05-29 13:50:35,704 comment_deleted=comment, user=neonion-admin@fu-berlin.de, text: r als, documentID=a1d95a9125a311e6abe8e0accb828170
2016-05-29 13:50:38,355 tag_concept_deleted=e ei, user=neonion-admin@fu-berlin.de, Concept_label=Consortium_, motivation=classifying_, documentID=a1d95a9125a311e6abe8e0accb828170
2016-05-29 13:50:41,209 highlight_deleted=_documents). J, user=neonion-admin@fu-berlin.de, text=documents). J, documentID=a1d95a9125a311e6abe8e0accb828170
2016-05-29 13:50:49,372 comment_created=lasticsearch au, user=neonion-admin@fu-berlin.de, text=lasticsearch au, documentID=a1d95a9125a311e6abe8e0accb828170
2016-05-29 13:50:56,054 comment_edited=another comment, user=neonion-admin@fu-berlin.de, text=lasticsearch au, documentID=a1d95a9125a311e6abe8e0accb828170
2016-05-29 13:51:05,276 tag_concept_created=aus mehre, user=neonion-admin@fu-berlin.de, Concept_label=Consortium_, motivation=classifying_, documentID=a1d95a9125a311e6abe8e0accb828170
2016-05-29 13:51:07,919 tag_concept_edited=aus mehre, user=neonion-admin@fu-berlin.de, Concept_label=Consortium_, motivation=classifying_, documentID=a1d95a9125a311e6abe8e0accb828170
2016-05-29 13:51:12,117 tag_concept_created=nste Einheit, user=neonion-admin@fu-berlin.de, Concept_label=Date_, motivation=classifying_, documentID=a1d95a9125a311e6abe8e0accb828170
2016-05-29 13:51:18,998 tag_concept_created=Jodocus Willich, user=neonion-admin@fu-berlin.de, Concept_label=Person_, motivation=identifying_, documentID=a1d95a9125a311e6abe8e0accb828170
2016-05-29 13:51:26,262 link_created, user=neonion-admin@fu-berlin.de, predicateLabel=member of_, source=http://neonion.org/person/0d5cfb6820ac54f1ae9e81348a8a04c9, target=http://neonion.org/consortium/4cd22e85ef5a56408df9925f9c791bbd, motivation=linking_, documentID=a1d95a9125a311e6abe8e0accb828170
2016-05-29 13:51:30,041 link_created, user=neonion-admin@fu-berlin.de, predicateLabel=dissolved_, source=http://neonion.org/consortium/4cd22e85ef5a56408df9925f9c791bbd, target=http://neonion.org/date/60c47f56b28d5847a7b9ff91c3e1d9b9, motivation=linking_, documentID=a1d95a9125a311e6abe8e0accb828170
2016-05-29 13:51:41,003 tag-concpt_edited=Jodocus Andreas Hiltebrandt, user=neonion-admin@fu-berlin.de, Concept_label=Person_, motivation=identifying_, documentID=a1d95a9125a311e6abe8e0accb828170
2016-05-29 13:51:43,906 link_deleted, user=neonion-admin@fu-berlin.de, predicateLabel=dissolved_, source=http://neonion.org/consortium/4cd22e85ef5a56408df9925f9c791bbd, target=http://neonion.org/date/60c47f56b28d5847a7b9ff91c3e1d9b9, motivation=linking_, documentID=a1d95a9125a311e6abe8e0accb828170
2016-05-29 13:51:43,912 tag_concept_deleted=nste Einheit, user=neonion-admin@fu-berlin.de, Concept_label=Date_, motivation=classifying_, documentID=a1d95a9125a311e6abe8e0accb828170
2016-05-29 13:51:51,994 link_deleted, user=neonion-admin@fu-berlin.de, predicateLabel=member of_, source=http://neonion.org/person/0d5cfb6820ac54f1ae9e81348a8a04c9, target=http://neonion.org/consortium/4cd22e85ef5a56408df9925f9c791bbd, motivation=linking_, documentID=a1d95a9125a311e6abe8e0accb828170
2016-05-29 13:52:25,428 user_created=user@mail.com
2016-05-29 13:53:07,051 user_signedin=neonion-admin@fu-berlin.de
2016-05-29 13:53:14,093 user_signedin=user@mail.com
2016-05-29 13:53:37,960 user_signedin=user@mail.com
2016-05-29 13:54:01,835 document_created=_elasticsearch
2016-05-29 13:54:09,577 comment_created=new comment, user=user@mail.com, text=ster)., documentID=cc918d8025a411e6a84be0accb828170
2016-05-29 13:54:13,864 highlight_created=_ierung un, user=user@mail.com, text=ierung un, documentID=cc918d8025a411e6a84be0accb828170
2016-05-29 13:54:23,049 tag_concept_created=Guido de Werd, user=user@mail.com, Concept_label=Person_, motivation=identifying_, documentID=cc918d8025a411e6a84be0accb828170
2016-05-29 13:54:28,563 tag-concpt_edited=Friedrich von Werder, user=user@mail.com, Concept_label=Person_, motivation=identifying_, documentID=cc918d8025a411e6a84be0accb828170
2016-05-29 13:54:38,658 comment_edited=new comment update, user=user@mail.com, text=ster)., documentID=cc918d8025a411e6a84be0accb828170
2016-05-29 13:54:44,095 highlight_deleted=_ierung un, user=user@mail.com, text=ierung un, documentID=cc918d8025a411e6a84be0accb828170
2016-05-29 13:54:46,060 comment_deleted=new comment update, user=user@mail.com, text: ster)., documentID=cc918d8025a411e6a84be0accb828170
2016-05-29 13:54:48,712 tag_concept_deleted=Friedrich von Werder, user=user@mail.com, Concept_label=Person_, motivation=identifying_, documentID=cc918d8025a411e6a84be0accb828170
2016-05-29 13:54:52,870 tag_concept_created=isch do, user=user@mail.com, Concept_label=Consortium_, motivation=classifying_, documentID=cc918d8025a411e6a84be0accb828170
2016-05-29 14:02:50,343 tag_concept_created=uchm, user=user@mail.com, Concept_label=Consortium_, motivation=classifying_, documentID=cc918d8025a411e6a84be0accb828170
2016-05-29 14:02:54,186 tag_concept_created=eine, user=user@mail.com, Concept_label=Date_, motivation=classifying_, documentID=cc918d8025a411e6a84be0accb828170
2016-05-29 14:02:58,577 tag_concept_created=eren, user=user@mail.com, Concept_label=Institution_, motivation=classifying_, documentID=cc918d8025a411e6a84be0accb828170
2016-05-29 14:03:02,690 tag_concept_created=Luc, user=user@mail.com, Concept_label=Person_, motivation=identifying_, documentID=cc918d8025a411e6a84be0accb828170
2016-05-29 14:03:05,838 tag_concept_created=arbe, user=user@mail.com, Concept_label=Person Function_, motivation=classifying_, documentID=cc918d8025a411e6a84be0accb828170
2016-05-29 14:03:11,801 tag_concept_edited=uchm, user=user@mail.com, Concept_label=Consortium_, motivation=classifying_, documentID=cc918d8025a411e6a84be0accb828170
2016-05-29 14:03:14,325 tag_concept_edited=eine, user=user@mail.com, Concept_label=Date_, motivation=classifying_, documentID=cc918d8025a411e6a84be0accb828170
2016-05-29 14:03:26,989 tag_concept_edited=eren, user=user@mail.com, Concept_label=Institution_, motivation=classifying_, documentID=cc918d8025a411e6a84be0accb828170
2016-05-29 14:03:34,132 tag-concpt_edited=Luc Jochimsen, user=user@mail.com, Concept_label=Person_, motivation=identifying_, documentID=cc918d8025a411e6a84be0accb828170
2016-05-29 14:03:37,655 tag_concept_edited=arbe, user=user@mail.com, Concept_label=Person Function_, motivation=classifying_, documentID=cc918d8025a411e6a84be0accb828170
2016-05-29 14:03:40,743 tag_concept_edited=isch do, user=user@mail.com, Concept_label=Consortium_, motivation=classifying_, documentID=cc918d8025a411e6a84be0accb828170
2016-05-29 14:03:45,071 link_created, user=user@mail.com, predicateLabel=dissolved_, source=http://neonion.org/consortium/dc28494eda6a5a5e9e296176e917261a, target=http://neonion.org/date/b277074b29825ae4a7e9b03df4155179, motivation=linking_, documentID=cc918d8025a411e6a84be0accb828170
2016-05-29 14:03:48,360 link_created, user=user@mail.com, predicateLabel=founded_, source=http://neonion.org/consortium/dc28494eda6a5a5e9e296176e917261a, target=http://neonion.org/date/b277074b29825ae4a7e9b03df4155179, motivation=linking_, documentID=cc918d8025a411e6a84be0accb828170
2016-05-29 14:03:52,018 link_created, user=user@mail.com, predicateLabel=member_, source=http://neonion.org/consortium/dc28494eda6a5a5e9e296176e917261a, target=http://neonion.org/person/afb44bf913975fa5a82426f2d01a3a34, motivation=linking_, documentID=cc918d8025a411e6a84be0accb828170
2016-05-29 14:03:57,544 link_created, user=user@mail.com, predicateLabel=has role_, source=http://neonion.org/person/afb44bf913975fa5a82426f2d01a3a34, target=http://neonion.org/person_function/062c43b8e50058d4bb676c469b47c75e, motivation=linking_, documentID=cc918d8025a411e6a84be0accb828170
2016-05-29 14:04:00,947 link_created, user=user@mail.com, predicateLabel=member of_, source=http://neonion.org/person/afb44bf913975fa5a82426f2d01a3a34, target=http://neonion.org/consortium/dc28494eda6a5a5e9e296176e917261a, motivation=linking_, documentID=cc918d8025a411e6a84be0accb828170
2016-05-29 14:04:08,673 tag_concept_deleted=eren, user=user@mail.com, Concept_label=Institution_, motivation=classifying_, documentID=cc918d8025a411e6a84be0accb828170
2016-05-29 14:04:10,816 link_deleted, user=user@mail.com, predicateLabel=dissolved_, source=http://neonion.org/consortium/dc28494eda6a5a5e9e296176e917261a, target=http://neonion.org/date/b277074b29825ae4a7e9b03df4155179, motivation=linking_, documentID=cc918d8025a411e6a84be0accb828170
2016-05-29 14:04:10,824 tag_concept_deleted=eine, user=user@mail.com, Concept_label=Date_, motivation=classifying_, documentID=cc918d8025a411e6a84be0accb828170
2016-05-29 14:04:10,832 link_deleted, user=user@mail.com, predicateLabel=founded_, source=http://neonion.org/consortium/dc28494eda6a5a5e9e296176e917261a, target=http://neonion.org/date/b277074b29825ae4a7e9b03df4155179, motivation=linking_, documentID=cc918d8025a411e6a84be0accb828170
2016-05-29 14:04:13,028 tag_concept_deleted=uchm, user=user@mail.com, Concept_label=Consortium_, motivation=classifying_, documentID=cc918d8025a411e6a84be0accb828170
2016-05-29 14:04:15,672 link_deleted, user=user@mail.com, predicateLabel=member_, source=http://neonion.org/consortium/dc28494eda6a5a5e9e296176e917261a, target=http://neonion.org/person/afb44bf913975fa5a82426f2d01a3a34, motivation=linking_, documentID=cc918d8025a411e6a84be0accb828170
2016-05-29 14:04:15,705 link_deleted, user=user@mail.com, predicateLabel=has role_, source=http://neonion.org/person/afb44bf913975fa5a82426f2d01a3a34, target=http://neonion.org/person_function/062c43b8e50058d4bb676c469b47c75e, motivation=linking_, documentID=cc918d8025a411e6a84be0accb828170
2016-05-29 14:04:15,712 link_deleted, user=user@mail.com, predicateLabel=member of_, source=http://neonion.org/person/afb44bf913975fa5a82426f2d01a3a34, target=http://neonion.org/consortium/dc28494eda6a5a5e9e296176e917261a, motivation=linking_, documentID=cc918d8025a411e6a84be0accb828170
2016-05-29 14:04:15,717 tag_concept_deleted=Luc Jochimsen, user=user@mail.com, Concept_label=Person_, motivation=identifying_, documentID=cc918d8025a411e6a84be0accb828170
2016-05-29 14:04:18,273 tag_concept_deleted=arbe, user=user@mail.com, Concept_label=Person Function_, motivation=classifying_, documentID=cc918d8025a411e6a84be0accb828170
2016-05-29 14:04:21,333 tag_concept_deleted=isch do, user=user@mail.com, Concept_label=Consortium_, motivation=classifying_, documentID=cc918d8025a411e6a84be0accb828170
2016-05-29 14:04:25,661 highlight_created=_ard ist ein, user=user@mail.com, text=ard ist ein, documentID=cc918d8025a411e6a84be0accb828170
2016-05-29 14:04:29,338 highlight_deleted=_ard ist ein, user=user@mail.com, text=ard ist ein, documentID=cc918d8025a411e6a84be0accb828170
2016-05-29 14:37:37,906 user_signedin=user@mail.com
2016-05-29 14:38:55,348 document_created=_new file
2016-05-29 14:39:03,302 highlight_created=_ticsear, user=user@mail.com, text=ticsear, documentID=1205e85e25ab11e6900ce0accb828170
2016-05-29 14:40:54,545 highlight_created=_ender b, user=user@mail.com, text=ender b, documentID=1205e85e25ab11e6900ce0accb828170
2016-05-29 14:41:05,362 comment_created=new comment, user=user@mail.com, text=Läuft die, documentID=1205e85e25ab11e6900ce0accb828170
2016-05-29 14:41:12,859 tag_concept_created=besteht, user=user@mail.com, Concept_label=Consortium_, motivation=classifying_, documentID=1205e85e25ab11e6900ce0accb828170
2016-05-29 14:41:15,545 highlight_deleted=_ender b, user=user@mail.com, text=ender b, documentID=1205e85e25ab11e6900ce0accb828170
2016-05-29 14:41:17,632 highlight_deleted=_ticsear, user=user@mail.com, text=ticsear, documentID=1205e85e25ab11e6900ce0accb828170
2016-05-29 14:41:24,659 comment_edited=new comment bearbeitet, user=user@mail.com, text=Läuft die, documentID=1205e85e25ab11e6900ce0accb828170
2016-05-29 14:41:28,334 comment_deleted=new comment bearbeitet, user=user@mail.com, text: Läuft die, documentID=1205e85e25ab11e6900ce0accb828170
2016-05-29 14:41:31,089 tag_concept_edited=besteht, user=user@mail.com, Concept_label=Consortium_, motivation=classifying_, documentID=1205e85e25ab11e6900ce0accb828170
2016-05-29 14:41:39,003 tag_concept_created=Ein Lee, user=user@mail.com, Concept_label=Person_, motivation=identifying_, documentID=1205e85e25ab11e6900ce0accb828170
2016-05-29 14:41:44,017 link_created, user=user@mail.com, predicateLabel=member of_, source=http://neonion.org/person/82138585f3c45d359302d8a7704bd636, target=http://neonion.org/consortium/a2707b5cec705d06b46914eccc74cf6c, motivation=linking_, documentID=1205e85e25ab11e6900ce0accb828170
2016-05-29 14:41:48,509 link_created, user=user@mail.com, predicateLabel=member_, source=http://neonion.org/consortium/a2707b5cec705d06b46914eccc74cf6c, target=http://neonion.org/person/82138585f3c45d359302d8a7704bd636, motivation=linking_, documentID=1205e85e25ab11e6900ce0accb828170
2016-05-29 14:41:54,449 tag-concpt_edited=Ein (イラストレーター), user=user@mail.com, Concept_label=Person_, motivation=identifying_, documentID=1205e85e25ab11e6900ce0accb828170
2016-05-29 14:41:57,112 tag_concept_deleted=besteht, user=user@mail.com, Concept_label=Consortium_, motivation=classifying_, documentID=1205e85e25ab11e6900ce0accb828170
2016-05-29 14:41:57,118 link_deleted, user=user@mail.com, predicateLabel=member of_, source=http://neonion.org/person/82138585f3c45d359302d8a7704bd636, target=http://neonion.org/consortium/a2707b5cec705d06b46914eccc74cf6c, motivation=linking_, documentID=1205e85e25ab11e6900ce0accb828170
2016-05-29 14:41:57,124 link_deleted, user=user@mail.com, predicateLabel=member_, source=http://neonion.org/consortium/a2707b5cec705d06b46914eccc74cf6c, target=http://neonion.org/person/82138585f3c45d359302d8a7704bd636, motivation=linking_, documentID=1205e85e25ab11e6900ce0accb828170
2016-05-29 14:41:59,665 tag_concept_deleted=Ein (イラストレーター), user=user@mail.com, Concept_label=Person_, motivation=identifying_, documentID=1205e85e25ab11e6900ce0accb828170
2016-05-29 14:42:02,775 highlight_created=_t also aus, user=user@mail.com, text=t also aus, documentID=1205e85e25ab11e6900ce0accb828170
2016-05-29 14:47:59,606 tag_concept_created=formati, user=user@mail.com, Concept_label=Consortium_, motivation=classifying_, documentID=1205e85e25ab11e6900ce0accb828170
2016-05-29 14:48:08,420 tag_concept_created=Ursula Heinen-Esser, user=user@mail.com, Concept_label=Person_, motivation=identifying_, documentID=1205e85e25ab11e6900ce0accb828170
2016-05-29 14:48:35,036 link_created, user=user@mail.com, predicateLabel=member_, source=http://neonion.org/consortium/d26d8fb9b6c6561ab84ff207c7c43908, target=http://neonion.org/person/abc5f530e5165f9db7ddd6a5b0613a41, motivation=linking_, documentID=1205e85e25ab11e6900ce0accb828170
2016-05-29 14:48:53,644 link_deleted, user=user@mail.com, predicateLabel=member_, source=http://neonion.org/consortium/d26d8fb9b6c6561ab84ff207c7c43908, target=http://neonion.org/person/abc5f530e5165f9db7ddd6a5b0613a41, motivation=linking_, documentID=1205e85e25ab11e6900ce0accb828170
2016-05-29 14:48:53,650 tag_concept_deleted=formati, user=user@mail.com, Concept_label=Consortium_, motivation=classifying_, documentID=1205e85e25ab11e6900ce0accb828170
2016-05-29 14:50:09,485 user_created=user1@mail.com
2016-05-29 14:50:25,020 user_signedin=user1@mail.com
2016-05-29 14:50:44,655 document_created=_
2016-05-29 14:50:49,712 comment_created=tator-s, user=user1@mail.com, text=tator-s, documentID=b8ce6a2125ac11e68e17e0accb828170
2016-05-29 14:50:54,215 highlight_created=_e

c, user=user1@mail.com, text=e

c, documentID=b8ce6a2125ac11e68e17e0accb828170
2016-05-29 14:50:55,921 highlight_deleted=_e

c, user=user1@mail.com, text=e

c, documentID=b8ce6a2125ac11e68e17e0accb828170
2016-05-29 14:50:57,787 comment_deleted=tator-s, user=user1@mail.com, text: tator-s, documentID=b8ce6a2125ac11e68e17e0accb828170
2016-05-29 14:51:06,700 user_signedin=user@mail.com
2016-05-29 14:53:15,938 highlight_created=_wird ein, user=user@mail.com, text=wird ein, documentID=1205e85e25ab11e6900ce0accb828170
2016-05-29 15:23:22,728 user_signedin=user@mail.com
2016-05-29 15:23:59,132 tag_concept_created=in, user=user@mail.com, Concept_label=Institution_, motivation=classifying_, documentID=cc918d8025a411e6a84be0accb828170
2016-05-29 15:24:05,946 tag_concept_created=Achim Andexer, user=user@mail.com, Concept_label=Person_, motivation=identifying_, documentID=cc918d8025a411e6a84be0accb828170
2016-05-29 15:24:11,784 highlight_created=_node, user=user@mail.com, text=node, documentID=cc918d8025a411e6a84be0accb828170
2016-05-29 15:24:44,395 highlight_created=_Dateien, user=user@mail.com, text=Dateien, documentID=cc918d8025a411e6a84be0accb828170
2016-05-29 15:24:49,693 tag_concept_created=Informationen, user=user@mail.com, Concept_label=Consortium_, motivation=classifying_, documentID=cc918d8025a411e6a84be0accb828170
2016-05-29 15:24:51,938 tag_concept_created=einzelne, user=user@mail.com, Concept_label=Consortium_, motivation=classifying_, documentID=cc918d8025a411e6a84be0accb828170
2016-05-29 15:24:55,347 tag_concept_created=Dokument, user=user@mail.com, Concept_label=Person Function_, motivation=classifying_, documentID=cc918d8025a411e6a84be0accb828170
2016-05-29 15:25:00,125 highlight_created=_dabei, user=user@mail.com, text=dabei, documentID=cc918d8025a411e6a84be0accb828170
2016-05-29 15:25:39,698 highlight_created=_wird, user=user@mail.com, text=wird, documentID=cc918d8025a411e6a84be0accb828170
2016-05-29 15:25:45,571 tag_concept_created=Apache, user=user@mail.com, Concept_label=Consortium_, motivation=classifying_, documentID=cc918d8025a411e6a84be0accb828170
2016-05-29 15:25:48,668 tag_concept_created=Rechenlast, user=user@mail.com, Concept_label=Consortium_, motivation=classifying_, documentID=cc918d8025a411e6a84be0accb828170
2016-05-29 15:25:54,090 highlight_created=_muss, user=user@mail.com, text=muss, documentID=cc918d8025a411e6a84be0accb828170
2016-06-02 16:11:49,517 comment_created=Rechenlast, user=user@mail.com, text=Rechenlast, documentID=1205e85e25ab11e6900ce0accb828170
2016-06-02 16:11:58,916 comment_created=mehrere, user=user@mail.com, text=mehrere, documentID=1205e85e25ab11e6900ce0accb828170
2016-06-02 16:12:06,861 highlight_created=_einen, user=user@mail.com, text=einen, documentID=1205e85e25ab11e6900ce0accb828170
2016-06-02 16:12:13,788 tag_concept_created=soll, user=user@mail.com, Concept_label=Date_, motivation=classifying_, documentID=1205e85e25ab11e6900ce0accb828170
2016-06-02 16:12:16,832 tag_concept_created=jedes, user=user@mail.com, Concept_label=Consortium_, motivation=classifying_, documentID=1205e85e25ab11e6900ce0accb828170
2016-06-02 16:12:36,656 tag_concept_created=Mark Eins, user=user@mail.com, Concept_label=Person_, motivation=identifying_, documentID=1205e85e25ab11e6900ce0accb828170
2016-06-02 16:12:42,124 link_created, user=user@mail.com, predicateLabel=member of_, source=http://neonion.org/person/abc5f530e5165f9db7ddd6a5b0613a41, target=http://neonion.org/consortium/8e8b80b09bc35cfe861ba9d3ea0ed823, motivation=linking_, documentID=1205e85e25ab11e6900ce0accb828170
2016-06-02 16:12:45,468 link_created, user=user@mail.com, predicateLabel=member of_, source=http://neonion.org/person/7287169c968955e7bf2a7d4584cc8fc8, target=http://neonion.org/consortium/8e8b80b09bc35cfe861ba9d3ea0ed823, motivation=linking_, documentID=1205e85e25ab11e6900ce0accb828170
2016-06-02 16:12:50,166 link_created, user=user@mail.com, predicateLabel=founded_, source=http://neonion.org/consortium/8e8b80b09bc35cfe861ba9d3ea0ed823, target=http://neonion.org/date/c221f7b63ada551f91fd5cf0fe72046f, motivation=linking_, documentID=1205e85e25ab11e6900ce0accb828170
2016-06-02 16:12:56,522 highlight_created=_jeweils, user=user@mail.com, text=jeweils, documentID=1205e85e25ab11e6900ce0accb828170
2016-06-02 16:13:03,143 comment_edited=Rechenlastkjh, user=user@mail.com, text=Rechenlast, documentID=1205e85e25ab11e6900ce0accb828170
2016-06-02 16:13:07,811 highlight_deleted=_wird ein, user=user@mail.com, text=wird ein, documentID=1205e85e25ab11e6900ce0accb828170
2016-06-02 16:13:10,393 highlight_deleted=_t also aus, user=user@mail.com, text=t also aus, documentID=1205e85e25ab11e6900ce0accb828170
2016-06-02 16:13:13,146 highlight_deleted=_einen, user=user@mail.com, text=einen, documentID=1205e85e25ab11e6900ce0accb828170
2016-06-02 16:13:15,997 tag_concept_edited=soll, user=user@mail.com, Concept_label=Date_, motivation=classifying_, documentID=1205e85e25ab11e6900ce0accb828170
2016-06-02 16:13:18,340 tag_concept_deleted=soll, user=user@mail.com, Concept_label=Date_, motivation=classifying_, documentID=1205e85e25ab11e6900ce0accb828170
2016-06-02 16:13:18,346 link_deleted, user=user@mail.com, predicateLabel=founded_, source=http://neonion.org/consortium/8e8b80b09bc35cfe861ba9d3ea0ed823, target=http://neonion.org/date/c221f7b63ada551f91fd5cf0fe72046f, motivation=linking_, documentID=1205e85e25ab11e6900ce0accb828170
2016-06-02 16:13:21,708 tag_concept_edited=jedes, user=user@mail.com, Concept_label=Consortium_, motivation=classifying_, documentID=1205e85e25ab11e6900ce0accb828170
2016-06-02 16:13:24,382 tag_concept_deleted=jedes, user=user@mail.com, Concept_label=Consortium_, motivation=classifying_, documentID=1205e85e25ab11e6900ce0accb828170
2016-06-02 16:13:24,404 link_deleted, user=user@mail.com, predicateLabel=member of_, source=http://neonion.org/person/7287169c968955e7bf2a7d4584cc8fc8, target=http://neonion.org/consortium/8e8b80b09bc35cfe861ba9d3ea0ed823, motivation=linking_, documentID=1205e85e25ab11e6900ce0accb828170
2016-06-02 16:13:24,410 link_deleted, user=user@mail.com, predicateLabel=member of_, source=http://neonion.org/person/abc5f530e5165f9db7ddd6a5b0613a41, target=http://neonion.org/consortium/8e8b80b09bc35cfe861ba9d3ea0ed823, motivation=linking_, documentID=1205e85e25ab11e6900ce0accb828170
2016-06-02 16:13:29,664 tag-concpt_edited=Ein Lee, user=user@mail.com, Concept_label=Person_, motivation=identifying_, documentID=1205e85e25ab11e6900ce0accb828170
2016-06-02 16:13:34,301 tag_concept_deleted=Ein Lee, user=user@mail.com, Concept_label=Person_, motivation=identifying_, documentID=1205e85e25ab11e6900ce0accb828170
2016-06-02 16:13:38,829 comment_deleted=mehrere, user=user@mail.com, text: mehrere, documentID=1205e85e25ab11e6900ce0accb828170
2016-06-02 16:13:42,062 comment_deleted=Rechenlastkjh, user=user@mail.com, text: Rechenlast, documentID=1205e85e25ab11e6900ce0accb828170
2016-06-02 16:34:06,584 highlight_created=_Einheit, user=user@mail.com, text=Einheit, documentID=1205e85e25ab11e6900ce0accb828170
2016-06-02 16:34:14,529 tag_concept_created=Jedes, user=user@mail.com, Concept_label=Consortium_, motivation=classifying_, documentID=1205e85e25ab11e6900ce0accb828170
2016-06-02 16:34:17,870 link_created, user=user@mail.com, predicateLabel=member of_, source=http://neonion.org/person/abc5f530e5165f9db7ddd6a5b0613a41, target=http://neonion.org/consortium/8e8b80b09bc35cfe861ba9d3ea0ed823, motivation=linking_, documentID=1205e85e25ab11e6900ce0accb828170
2016-06-02 16:34:21,576 link_created, user=user@mail.com, predicateLabel=member_, source=http://neonion.org/consortium/8e8b80b09bc35cfe861ba9d3ea0ed823, target=http://neonion.org/person/abc5f530e5165f9db7ddd6a5b0613a41, motivation=linking_, documentID=1205e85e25ab11e6900ce0accb828170
2016-06-02 16:34:25,425 highlight_created=_cluster, user=user@mail.com, text=cluster, documentID=1205e85e25ab11e6900ce0accb828170
2016-06-02 16:35:03,665 link_deleted, user=user@mail.com, predicateLabel=member_, source=http://neonion.org/consortium/8e8b80b09bc35cfe861ba9d3ea0ed823, target=http://neonion.org/person/abc5f530e5165f9db7ddd6a5b0613a41, motivation=linking_, documentID=1205e85e25ab11e6900ce0accb828170
2016-06-02 16:35:06,780 link_deleted, user=user@mail.com, predicateLabel=member of_, source=http://neonion.org/person/abc5f530e5165f9db7ddd6a5b0613a41, target=http://neonion.org/consortium/8e8b80b09bc35cfe861ba9d3ea0ed823, motivation=linking_, documentID=1205e85e25ab11e6900ce0accb828170
2016-06-02 16:35:09,063 highlight_created=_Indexierung, user=user@mail.com, text=Indexierung, documentID=1205e85e25ab11e6900ce0accb828170
2016-06-07 09:20:34,053 highlight_deleted=_cluster, user=user@mail.com, text=cluster, documentID=1205e85e25ab11e6900ce0accb828170
2016-06-07 09:20:36,570 highlight_deleted=_Indexierung, user=user@mail.com, text=Indexierung, documentID=1205e85e25ab11e6900ce0accb828170
2016-06-07 09:20:41,269 highlight_deleted=_Einheit, user=user@mail.com, text=Einheit, documentID=1205e85e25ab11e6900ce0accb828170
2016-06-07 09:20:45,988 tag_concept_deleted=Jedes, user=user@mail.com, Concept_label=Consortium_, motivation=classifying_, documentID=1205e85e25ab11e6900ce0accb828170
2016-06-07 09:20:49,208 highlight_deleted=_jeweils, user=user@mail.com, text=jeweils, documentID=1205e85e25ab11e6900ce0accb828170
2016-06-07 09:20:51,560 tag_concept_deleted=Ursula Heinen-Esser, user=user@mail.com, Concept_label=Person_, motivation=identifying_, documentID=1205e85e25ab11e6900ce0accb828170
2016-06-07 10:28:04,099 user_created=user444@mail.com
2016-06-07 10:28:19,770 user_signedin=user444@mail.com
2016-06-07 10:28:34,817 document_created=_new file
2016-06-07 10:28:39,073 comment_created=oder u, user=user444@mail.com, text=oder u, documentID=96cdcd422c9a11e6994be0accb828170
2016-06-07 10:28:41,418 comment_created=mmt.

Ein shard ist ein Lucene-Index, Elasticsea, user=user444@mail.com, text=mmt.

Ein shard ist ein Lucene-Index, Elasticsea, documentID=96cdcd422c9a11e6994be0accb828170
2016-06-07 10:28:50,691 user_signedin=user@mail.com
2016-06-07 10:29:04,326 comment_created=rverausfäl, user=user@mail.com, text=rverausfäl, documentID=1205e85e25ab11e6900ce0accb828170
2016-06-07 10:29:08,029 comment_edited=ljljrverausfäl, user=user@mail.com, text=rverausfäl, documentID=1205e85e25ab11e6900ce0accb828170
2016-06-07 10:29:11,845 highlight_created=_uf mehreren nodes, so wird einer als master, user=user@mail.com, text=uf mehreren nodes, so wird einer als master, documentID=1205e85e25ab11e6900ce0accb828170
2016-06-07 10:29:14,148 highlight_deleted=_uf mehreren nodes, so wird einer als master, user=user@mail.com, text=uf mehreren nodes, so wird einer als master, documentID=1205e85e25ab11e6900ce0accb828170
2016-06-07 10:29:18,446 tag_concept_created=csearch, user=user@mail.com, Concept_label=Date_, motivation=classifying_, documentID=1205e85e25ab11e6900ce0accb828170
2016-06-07 10:29:23,099 tag_concept_created=James Pearce, user=user@mail.com, Concept_label=Person_, motivation=identifying_, documentID=1205e85e25ab11e6900ce0accb828170
2016-06-07 10:29:27,729 tag_concept_created=Index, user=user@mail.com, Concept_label=Consortium_, motivation=classifying_, documentID=1205e85e25ab11e6900ce0accb828170
2016-06-07 10:29:30,301 link_created, user=user@mail.com, predicateLabel=member of_, source=http://neonion.org/person/0267320b363259e6b0ad9eaec73b3687, target=http://neonion.org/consortium/5340e2c4e6d0594bbe34f925800fe9fb, motivation=linking_, documentID=1205e85e25ab11e6900ce0accb828170
